[INFO  - 2018-05-19T03:18:00.409Z] GhostDriver - Main - running on port 8429
[INFO  - 2018-05-19T03:18:02.134Z] Session [3d089900-5b13-11e8-9038-bddda113d6f7] - page.settings - {"XSSAuditingEnabled":false,"javascriptCanCloseWindows":true,"javascriptCanOpenWindows":true,"javascriptEnabled":true,"loadImages":true,"localToRemoteUrlAccessEnabled":false,"userAgent":"Mozilla/5.0 (Windows NT 6.1; WOW64) AppleWebKit/538.1 (KHTML, like Gecko) PhantomJS/2.0.0 Safari/538.1","webSecurityEnabled":true}
[INFO  - 2018-05-19T03:18:02.134Z] Session [3d089900-5b13-11e8-9038-bddda113d6f7] - page.customHeaders:  - {}
[INFO  - 2018-05-19T03:18:02.135Z] Session [3d089900-5b13-11e8-9038-bddda113d6f7] - Session.negotiatedCapabilities - {"browserName":"phantomjs","version":"2.0.0","driverName":"ghostdriver","driverVersion":"1.2.0","platform":"windows-7-32bit","javascriptEnabled":true,"takesScreenshot":true,"handlesAlerts":false,"databaseEnabled":false,"locationContextEnabled":false,"applicationCacheEnabled":false,"browserConnectionEnabled":false,"cssSelectorsEnabled":true,"webStorageEnabled":false,"rotatable":false,"acceptSslCerts":false,"nativeEvents":true,"proxy":{"proxyType":"direct"}}
[INFO  - 2018-05-19T03:18:02.135Z] SessionManagerReqHand - _postNewSessionCommand - New Session Created: 3d089900-5b13-11e8-9038-bddda113d6f7
[INFO  - 2018-05-19T03:23:00.397Z] SessionManagerReqHand - _cleanupWindowlessSessions - Asynchronous Sessions clean-up phase starting NOW
[INFO  - 2018-05-19T03:28:00.438Z] SessionManagerReqHand - _cleanupWindowlessSessions - Asynchronous Sessions clean-up phase starting NOW
[INFO  - 2018-05-19T03:33:00.438Z] SessionManagerReqHand - _cleanupWindowlessSessions - Asynchronous Sessions clean-up phase starting NOW
8.1 (KHTML, like Gecko) PhantomJS/2.0.0 Safari/538.1","webSecurityEnabled":true}
[INFO  - 2018-05-19T03:21:45.801Z] Session [c2595220-5b13-11e8-b4c0-b76e890dbee0] - page.customHeaders:  - {}
[INFO  - 2018-05-19T03:21:45.801Z] Session [c2595220-5b13-11e8-b4c0-b76e890dbee0] - Session.negotiatedCapabilities - {"browserName":"phantomjs","version":"2.0.0","driverName":"ghostdriver","driverVersion":"1.2.0","platform":"windows-7-32bit","javascriptEnabled":true,"takesScreenshot":true,"handlesAlerts":false,"databaseEnabled":false,"locationContextEnabled":false,"applicationCacheEnabled":false,"browserConnectionEnabled":false,"cssSelectorsEnabled":true,"webStorageEnabled":false,"rotatable":false,"acceptSslCerts":false,"nativeEvents":true,"proxy":{"proxyType":"direct"}}
[INFO  - 2018-05-19T03:21:45.801Z] SessionManagerReqHand - _postNewSessionCommand - New Session Created: c2595220-5b13-11e8-b4c0-b76e890dbee0
[INFO  - 2018-05-19T03:26:45.810Z] SessionManagerReqHand - _cleanupWindowlessSessions - Asynchronous Sessions clean-up phase starting NOW
[INFO  - 2018-05-19T03:31:45.853Z] SessionManagerReqHand - _cleanupWindowlessSessions - Asynchronous Sessions clean-up phase starting NOW
[INFO  - 2018-05-19T03:36:45.853Z] SessionManagerReqHand - _cleanupWindowlessSessions - Asynchronous Sessions clean-up phase starting NOW
38.1 (KHTML, like Gecko) PhantomJS/2.0.0 Safari/538.1","webSecurityEnabled":true}
[INFO  - 2018-05-19T03:22:31.337Z] Session [dd7d9020-5b13-11e8-9b14-bdf33882f182] - page.customHeaders:  - {}
[INFO  - 2018-05-19T03:22:31.337Z] Session [dd7d9020-5b13-11e8-9b14-bdf33882f182] - Session.negotiatedCapabilities - {"browserName":"phantomjs","version":"2.0.0","driverName":"ghostdriver","driverVersion":"1.2.0","platform":"windows-7-32bit","javascriptEnabled":true,"takesScreenshot":true,"handlesAlerts":false,"databaseEnabled":false,"locationContextEnabled":false,"applicationCacheEnabled":false,"browserConnectionEnabled":false,"cssSelectorsEnabled":true,"webStorageEnabled":false,"rotatable":false,"acceptSslCerts":false,"nativeEvents":true,"proxy":{"proxyType":"direct"}}
[INFO  - 2018-05-19T03:22:31.337Z] SessionManagerReqHand - _postNewSessionCommand - New Session Created: dd7d9020-5b13-11e8-9b14-bdf33882f182
[INFO  - 2018-05-19T03:27:30.474Z] SessionManagerReqHand - _cleanupWindowlessSessions - Asynchronous Sessions clean-up phase starting NOW
[INFO  - 2018-05-19T03:32:30.518Z] SessionManagerReqHand - _cleanupWindowlessSessions - Asynchronous Sessions clean-up phase starting NOW
criptEnabled":true,"loadImages":true,"localToRemoteUrlAccessEnabled":false,"userAgent":"Mozilla/5.0 (Windows NT 6.1; WOW64) AppleWebKit/538.1 (KHTML, like Gecko) PhantomJS/2.0.0 Safari/538.1","webSecurityEnabled":true}
[INFO  - 2018-05-19T03:25:12.421Z] Session [3d812ef0-5b14-11e8-a262-310647017e95] - page.customHeaders:  - {}
[INFO  - 2018-05-19T03:25:12.421Z] Session [3d812ef0-5b14-11e8-a262-310647017e95] - Session.negotiatedCapabilities - {"browserName":"phantomjs","version":"2.0.0","driverName":"ghostdriver","driverVersion":"1.2.0","platform":"windows-7-32bit","javascriptEnabled":true,"takesScreenshot":true,"handlesAlerts":false,"databaseEnabled":false,"locationContextEnabled":false,"applicationCacheEnabled":false,"browserConnectionEnabled":false,"cssSelectorsEnabled":true,"webStorageEnabled":false,"rotatable":false,"acceptSslCerts":false,"nativeEvents":true,"proxy":{"proxyType":"direct"}}
[INFO  - 2018-05-19T03:25:12.422Z] SessionManagerReqHand - _postNewSessionCommand - New Session Created: 3d812ef0-5b14-11e8-a262-310647017e95
[ERROR - 2018-05-19T03:25:14.866Z] WebElementLocator - _handleLocateCommand - Element(s) NOT Found: GAVE UP. Search Stop Time: 1526700314815
[ERROR - 2018-05-19T03:25:15.301Z] WebElementLocator - _handleLocateCommand - Element(s) NOT Found: GAVE UP. Search Stop Time: 1526700315254
[ERROR - 2018-05-19T03:25:15.722Z] WebElementLocator - _handleLocateCommand - Element(s) NOT Found: GAVE UP. Search Stop Time: 1526700315678
[ERROR - 2018-05-19T03:25:16.159Z] WebElementLocator - _handleLocateCommand - Element(s) NOT Found: GAVE UP. Search Stop Time: 1526700316107
[ERROR - 2018-05-19T03:25:16.579Z] WebElementLocator - _handleLocateCommand - Element(s) NOT Found: GAVE UP. Search Stop Time: 1526700316537
[ERROR - 2018-05-19T03:25:17.001Z] WebElementLocator - _handleLocateCommand - Element(s) NOT Found: GAVE UP. Search Stop Time: 1526700316961
[ERROR - 2018-05-19T03:25:17.424Z] WebElementLocator - _handleLocateCommand - Element(s) NOT Found: GAVE UP. Search Stop Time: 1526700317377
[ERROR - 2018-05-19T03:25:17.844Z] WebElementLocator - _handleLocateCommand - Element(s) NOT Found: GAVE UP. Search Stop Time: 1526700317797
[ERROR - 2018-05-19T03:25:18.264Z] WebElementLocator - _handleLocateCommand - Element(s) NOT Found: GAVE UP. Search Stop Time: 1526700318217
[ERROR - 2018-05-19T03:25:18.685Z] WebElementLocator - _handleLocateCommand - Element(s) NOT Found: GAVE UP. Search Stop Time: 1526700318638
[ERROR - 2018-05-19T03:25:21.354Z] WebElementLocator - _handleLocateCommand - Element(s) NOT Found: GAVE UP. Search Stop Time: 1526700321304
[ERROR - 2018-05-19T03:25:21.776Z] WebElementLocator - _handleLocateCommand - Element(s) NOT Found: GAVE UP. Search Stop Time: 1526700321728
[ERROR - 2018-05-19T03:25:22.196Z] WebElementLocator - _handleLocateCommand - Element(s) NOT Found: GAVE UP. Search Stop Time: 1526700322152
[ERROR - 2018-05-19T03:25:22.602Z] WebElementLocator - _handleLocateCommand - Element(s) NOT Found: GAVE UP. Search Stop Time: 1526700322571
[ERROR - 2018-05-19T03:25:23.024Z] WebElementLocator - _handleLocateCommand - Element(s) NOT Found: GAVE UP. Search Stop Time: 1526700322977
[ERROR - 2018-05-19T03:25:23.444Z] WebElementLocator - _handleLocateCommand - Element(s) NOT Found: GAVE UP. Search Stop Time: 1526700323399
[ERROR - 2018-05-19T03:25:23.865Z] WebElementLocator - _handleLocateCommand - Element(s) NOT Found: GAVE UP. Search Stop Time: 1526700323820
[ERROR - 2018-05-19T03:25:24.287Z] WebElementLocator - _handleLocateCommand - Element(s) NOT Found: GAVE UP. Search Stop Time: 1526700324240
[ERROR - 2018-05-19T03:25:24.708Z] WebElementLocator - _handleLocateCommand - Element(s) NOT Found: GAVE UP. Search Stop Time: 1526700324661
[INFO  - 2018-05-19T03:30:11.538Z] SessionManagerReqHand - _cleanupWindowlessSessions - Asynchronous Sessions clean-up phase starting NOW
[INFO  - 2018-05-19T03:35:11.579Z] SessionManagerReqHand - _cleanupWindowlessSessions - Asynchronous Sessions clean-up phase starting NOW
scriptEnabled":true,"loadImages":true,"localToRemoteUrlAccessEnabled":false,"userAgent":"Mozilla/5.0 (Windows NT 6.1; WOW64) AppleWebKit/538.1 (KHTML, like Gecko) PhantomJS/2.0.0 Safari/538.1","webSecurityEnabled":true}
[INFO  - 2018-05-19T03:25:35.321Z] Session [4b277230-5b14-11e8-8bd3-edaee6a9f42d] - page.customHeaders:  - {}
[INFO  - 2018-05-19T03:25:35.322Z] Session [4b277230-5b14-11e8-8bd3-edaee6a9f42d] - Session.negotiatedCapabilities - {"browserName":"phantomjs","version":"2.0.0","driverName":"ghostdriver","driverVersion":"1.2.0","platform":"windows-7-32bit","javascriptEnabled":true,"takesScreenshot":true,"handlesAlerts":false,"databaseEnabled":false,"locationContextEnabled":false,"applicationCacheEnabled":false,"browserConnectionEnabled":false,"cssSelectorsEnabled":true,"webStorageEnabled":false,"rotatable":false,"acceptSslCerts":false,"nativeEvents":true,"proxy":{"proxyType":"direct"}}
[INFO  - 2018-05-19T03:25:35.322Z] SessionManagerReqHand - _postNewSessionCommand - New Session Created: 4b277230-5b14-11e8-8bd3-edaee6a9f42d
[INFO  - 2018-05-19T03:30:34.455Z] SessionManagerReqHand - _cleanupWindowlessSessions - Asynchronous Sessions clean-up phase starting NOW
[INFO  - 2018-05-19T03:35:34.496Z] SessionManagerReqHand - _cleanupWindowlessSessions - Asynchronous Sessions clean-up phase starting NOW
scriptEnabled":true,"loadImages":true,"localToRemoteUrlAccessEnabled":false,"userAgent":"Mozilla/5.0 (Windows NT 6.1; WOW64) AppleWebKit/538.1 (KHTML, like Gecko) PhantomJS/2.0.0 Safari/538.1","webSecurityEnabled":true}
[INFO  - 2018-05-19T03:27:02.238Z] Session [7ef5ed80-5b14-11e8-93ec-37cf6b0a5033] - page.customHeaders:  - {}
[INFO  - 2018-05-19T03:27:02.238Z] Session [7ef5ed80-5b14-11e8-93ec-37cf6b0a5033] - Session.negotiatedCapabilities - {"browserName":"phantomjs","version":"2.0.0","driverName":"ghostdriver","driverVersion":"1.2.0","platform":"windows-7-32bit","javascriptEnabled":true,"takesScreenshot":true,"handlesAlerts":false,"databaseEnabled":false,"locationContextEnabled":false,"applicationCacheEnabled":false,"browserConnectionEnabled":false,"cssSelectorsEnabled":true,"webStorageEnabled":false,"rotatable":false,"acceptSslCerts":false,"nativeEvents":true,"proxy":{"proxyType":"direct"}}
[INFO  - 2018-05-19T03:27:02.238Z] SessionManagerReqHand - _postNewSessionCommand - New Session Created: 7ef5ed80-5b14-11e8-93ec-37cf6b0a5033
[INFO  - 2018-05-19T03:32:01.382Z] SessionManagerReqHand - _cleanupWindowlessSessions - Asynchronous Sessions clean-up phase starting NOW
8-8aa1-315483fabe5a] - page.settings - {"XSSAuditingEnabled":false,"javascriptCanCloseWindows":true,"javascriptCanOpenWindows":true,"javascriptEnabled":true,"loadImages":true,"localToRemoteUrlAccessEnabled":false,"userAgent":"Mozilla/5.0 (Windows NT 6.1; WOW64) AppleWebKit/538.1 (KHTML, like Gecko) PhantomJS/2.0.0 Safari/538.1","webSecurityEnabled":true}
[INFO  - 2018-05-19T03:27:40.765Z] Session [95ec8760-5b14-11e8-8aa1-315483fabe5a] - page.customHeaders:  - {}
[INFO  - 2018-05-19T03:27:40.765Z] Session [95ec8760-5b14-11e8-8aa1-315483fabe5a] - Session.negotiatedCapabilities - {"browserName":"phantomjs","version":"2.0.0","driverName":"ghostdriver","driverVersion":"1.2.0","platform":"windows-7-32bit","javascriptEnabled":true,"takesScreenshot":true,"handlesAlerts":false,"databaseEnabled":false,"locationContextEnabled":false,"applicationCacheEnabled":false,"browserConnectionEnabled":false,"cssSelectorsEnabled":true,"webStorageEnabled":false,"rotatable":false,"acceptSslCerts":false,"nativeEvents":true,"proxy":{"proxyType":"direct"}}
[INFO  - 2018-05-19T03:27:40.765Z] SessionManagerReqHand - _postNewSessionCommand - New Session Created: 95ec8760-5b14-11e8-8aa1-315483fabe5a
[INFO  - 2018-05-19T03:32:39.900Z] SessionManagerReqHand - _cleanupWindowlessSessions - Asynchronous Sessions clean-up phase starting NOW
8-9c6d-af151c40ca17] - page.settings - {"XSSAuditingEnabled":false,"javascriptCanCloseWindows":true,"javascriptCanOpenWindows":true,"javascriptEnabled":true,"loadImages":true,"localToRemoteUrlAccessEnabled":false,"userAgent":"Mozilla/5.0 (Windows NT 6.1; WOW64) AppleWebKit/538.1 (KHTML, like Gecko) PhantomJS/2.0.0 Safari/538.1","webSecurityEnabled":true}
[INFO  - 2018-05-19T03:28:46.299Z] Session [bcfc8760-5b14-11e8-9c6d-af151c40ca17] - page.customHeaders:  - {}
[INFO  - 2018-05-19T03:28:46.299Z] Session [bcfc8760-5b14-11e8-9c6d-af151c40ca17] - Session.negotiatedCapabilities - {"browserName":"phantomjs","version":"2.0.0","driverName":"ghostdriver","driverVersion":"1.2.0","platform":"windows-7-32bit","javascriptEnabled":true,"takesScreenshot":true,"handlesAlerts":false,"databaseEnabled":false,"locationContextEnabled":false,"applicationCacheEnabled":false,"browserConnectionEnabled":false,"cssSelectorsEnabled":true,"webStorageEnabled":false,"rotatable":false,"acceptSslCerts":false,"nativeEvents":true,"proxy":{"proxyType":"direct"}}
[INFO  - 2018-05-19T03:28:46.300Z] SessionManagerReqHand - _postNewSessionCommand - New Session Created: bcfc8760-5b14-11e8-9c6d-af151c40ca17
[INFO  - 2018-05-19T03:33:45.426Z] SessionManagerReqHand - _cleanupWindowlessSessions - Asynchronous Sessions clean-up phase starting NOW
e8-842b-21f55710ba59] - page.settings - {"XSSAuditingEnabled":false,"javascriptCanCloseWindows":true,"javascriptCanOpenWindows":true,"javascriptEnabled":true,"loadImages":true,"localToRemoteUrlAccessEnabled":false,"userAgent":"Mozilla/5.0 (Windows NT 6.1; WOW64) AppleWebKit/538.1 (KHTML, like Gecko) PhantomJS/2.0.0 Safari/538.1","webSecurityEnabled":true}
[INFO  - 2018-05-19T03:29:02.533Z] Session [c6a97cf0-5b14-11e8-842b-21f55710ba59] - page.customHeaders:  - {}
[INFO  - 2018-05-19T03:29:02.533Z] Session [c6a97cf0-5b14-11e8-842b-21f55710ba59] - Session.negotiatedCapabilities - {"browserName":"phantomjs","version":"2.0.0","driverName":"ghostdriver","driverVersion":"1.2.0","platform":"windows-7-32bit","javascriptEnabled":true,"takesScreenshot":true,"handlesAlerts":false,"databaseEnabled":false,"locationContextEnabled":false,"applicationCacheEnabled":false,"browserConnectionEnabled":false,"cssSelectorsEnabled":true,"webStorageEnabled":false,"rotatable":false,"acceptSslCerts":false,"nativeEvents":true,"proxy":{"proxyType":"direct"}}
[INFO  - 2018-05-19T03:29:02.535Z] SessionManagerReqHand - _postNewSessionCommand - New Session Created: c6a97cf0-5b14-11e8-842b-21f55710ba59
[INFO  - 2018-05-19T03:34:01.635Z] SessionManagerReqHand - _cleanupWindowlessSessions - Asynchronous Sessions clean-up phase starting NOW
